<?xml version="1.0" encoding="UTF-8"?>
<testng-results ignored="0" total="4" passed="4" failed="0" skipped="0">
  <reporter-output>
  </reporter-output>
  <suite started-at="2025-01-02T13:12:18 IST" name="Default suite" finished-at="2025-01-02T13:13:05 IST" duration-ms="47152">
    <groups>
      <group name="cucumber">
        <method signature="AbstractTestNGCucumberTests.runScenario(io.cucumber.testng.PickleWrapper,io.cucumber.testng.FeatureWrapper)[pri:0, instance:com.runners.RunCucumberTest@55fe41ea]" name="runScenario" class="io.cucumber.testng.AbstractTestNGCucumberTests"/>
      </group> <!-- cucumber -->
    </groups>
    <test started-at="2025-01-02T13:12:18 IST" name="Default test" finished-at="2025-01-02T13:13:05 IST" duration-ms="47152">
      <class name="com.runners.RunCucumberTest">
        <test-method is-config="true" signature="setUpClass(org.testng.ITestContext)[pri:0, instance:com.runners.RunCucumberTest@55fe41ea]" started-at="2025-01-02T13:12:18 IST" name="setUpClass" finished-at="2025-01-02T13:12:18 IST" duration-ms="161" status="PASS">
          <params>
            <param index="0">
              <value>
                <![CDATA[org.testng.TestRunner@7b306b9f]]>
              </value>
            </param>
          </params>
          <reporter-output>
          </reporter-output>
        </test-method> <!-- setUpClass -->
        <test-method signature="runScenario(io.cucumber.testng.PickleWrapper,io.cucumber.testng.FeatureWrapper)[pri:0, instance:com.runners.RunCucumberTest@55fe41ea]" started-at="2025-01-02T13:12:18 IST" name="runScenario" description="Runs Cucumber Scenarios" data-provider="scenarios" finished-at="2025-01-02T13:12:30 IST" duration-ms="12206" status="PASS">
          <params>
            <param index="0">
              <value>
                <![CDATA["Successful form submission"]]>
              </value>
            </param>
            <param index="1">
              <value>
                <![CDATA["Form Submission"]]>
              </value>
            </param>
          </params>
          <reporter-output>
          </reporter-output>
        </test-method> <!-- runScenario -->
        <test-method signature="runScenario(io.cucumber.testng.PickleWrapper,io.cucumber.testng.FeatureWrapper)[pri:0, instance:com.runners.RunCucumberTest@55fe41ea]" started-at="2025-01-02T13:12:30 IST" name="runScenario" description="Runs Cucumber Scenarios" data-provider="scenarios" finished-at="2025-01-02T13:12:42 IST" duration-ms="12077" status="PASS">
          <params>
            <param index="0">
              <value>
                <![CDATA["Successful form submission"]]>
              </value>
            </param>
            <param index="1">
              <value>
                <![CDATA["Form Submission"]]>
              </value>
            </param>
          </params>
          <reporter-output>
          </reporter-output>
        </test-method> <!-- runScenario -->
        <test-method signature="runScenario(io.cucumber.testng.PickleWrapper,io.cucumber.testng.FeatureWrapper)[pri:0, instance:com.runners.RunCucumberTest@55fe41ea]" started-at="2025-01-02T13:12:42 IST" name="runScenario" description="Runs Cucumber Scenarios" data-provider="scenarios" finished-at="2025-01-02T13:12:53 IST" duration-ms="11198" status="PASS">
          <params>
            <param index="0">
              <value>
                <![CDATA["Successful form submission"]]>
              </value>
            </param>
            <param index="1">
              <value>
                <![CDATA["Form Submission"]]>
              </value>
            </param>
          </params>
          <reporter-output>
          </reporter-output>
        </test-method> <!-- runScenario -->
        <test-method signature="runScenario(io.cucumber.testng.PickleWrapper,io.cucumber.testng.FeatureWrapper)[pri:0, instance:com.runners.RunCucumberTest@55fe41ea]" started-at="2025-01-02T13:12:53 IST" name="runScenario" description="Runs Cucumber Scenarios" data-provider="scenarios" finished-at="2025-01-02T13:13:05 IST" duration-ms="11460" status="PASS">
          <params>
            <param index="0">
              <value>
                <![CDATA["Successful form submission"]]>
              </value>
            </param>
            <param index="1">
              <value>
                <![CDATA["Form Submission"]]>
              </value>
            </param>
          </params>
          <reporter-output>
          </reporter-output>
        </test-method> <!-- runScenario -->
        <test-method is-config="true" signature="tearDownClass()[pri:0, instance:com.runners.RunCucumberTest@55fe41ea]" started-at="2025-01-02T13:13:05 IST" name="tearDownClass" finished-at="2025-01-02T13:13:05 IST" duration-ms="2" status="PASS">
          <reporter-output>
          </reporter-output>
        </test-method> <!-- tearDownClass -->
      </class> <!-- com.runners.RunCucumberTest -->
    </test> <!-- Default test -->
  </suite> <!-- Default suite -->
</testng-results>
