<?xml version="1.0" encoding="UTF-8"?>
<!-- Generated by org.testng.reporters.JUnitXMLReporter -->
<testsuite ignored="0" hostname="QZ-LT-156" failures="1" tests="200" name="Default test" time="2295.606" errors="0" timestamp="2024-12-30T14:57:38 IST">
  <testcase classname="com.qualizeal.selenium.DemoTest" name="@BeforeMethod url" time="181.05">
    <failure type="org.openqa.selenium.TimeoutException" message="java.util.concurrent.TimeoutException
Build info: version: &amp;apos;4.26.0&amp;apos;, revision: &amp;apos;8ccf0219d7&amp;apos;
System info: os.name: &amp;apos;Windows 11&amp;apos;, os.arch: &amp;apos;amd64&amp;apos;, os.version: &amp;apos;10.0&amp;apos;, java.version: &amp;apos;17.0.11&amp;apos;
Driver info: org.openqa.selenium.chrome.ChromeDriver
Command: [f578fc0127423136b24de71a6432de97, get {url=https://demoqa.com/automation-practice-form}]
Capabilities {acceptInsecureCerts: false, browserName: chrome, browserVersion: 131.0.6778.204, chrome: {chromedriverVersion: 131.0.6778.204 (52183f9e99a..., userDataDir: C:\Users\QUALIZ~1\AppData\L...}, fedcm:accounts: true, goog:chromeOptions: {debuggerAddress: localhost:62433}, networkConnectionEnabled: false, pageLoadStrategy: normal, platformName: windows, proxy: Proxy(), se:cdp: ws://localhost:62433/devtoo..., se:cdpVersion: 131.0.6778.204, setWindowRect: true, strictFileInteractability: false, timeouts: {implicit: 0, pageLoad: 300000, script: 30000}, unhandledPromptBehavior: dismiss and notify, webauthn:extension:credBlob: true, webauthn:extension:largeBlob: true, webauthn:extension:minPinLength: true, webauthn:extension:prf: true, webauthn:virtualAuthenticators: true}
Session ID: f578fc0127423136b24de71a6432de97">
      <![CDATA[org.openqa.selenium.TimeoutException: java.util.concurrent.TimeoutException
Build info: version: '4.26.0', revision: '8ccf0219d7'
System info: os.name: 'Windows 11', os.arch: 'amd64', os.version: '10.0', java.version: '17.0.11'
Driver info: org.openqa.selenium.chrome.ChromeDriver
Command: [f578fc0127423136b24de71a6432de97, get {url=https://demoqa.com/automation-practice-form}]
Capabilities {acceptInsecureCerts: false, browserName: chrome, browserVersion: 131.0.6778.204, chrome: {chromedriverVersion: 131.0.6778.204 (52183f9e99a..., userDataDir: C:\Users\QUALIZ~1\AppData\L...}, fedcm:accounts: true, goog:chromeOptions: {debuggerAddress: localhost:62433}, networkConnectionEnabled: false, pageLoadStrategy: normal, platformName: windows, proxy: Proxy(), se:cdp: ws://localhost:62433/devtoo..., se:cdpVersion: 131.0.6778.204, setWindowRect: true, strictFileInteractability: false, timeouts: {implicit: 0, pageLoad: 300000, script: 30000}, unhandledPromptBehavior: dismiss and notify, webauthn:extension:credBlob: true, webauthn:extension:largeBlob: true, webauthn:extension:minPinLength: true, webauthn:extension:prf: true, webauthn:virtualAuthenticators: true}
Session ID: f578fc0127423136b24de71a6432de97
at org.openqa.selenium.remote.http.jdk.JdkHttpClient.execute(JdkHttpClient.java:422)
at org.openqa.selenium.remote.HttpCommandExecutor.execute(HttpCommandExecutor.java:187)
at org.openqa.selenium.remote.service.DriverCommandExecutor.invokeExecute(DriverCommandExecutor.java:216)
at org.openqa.selenium.remote.service.DriverCommandExecutor.execute(DriverCommandExecutor.java:174)
at org.openqa.selenium.remote.RemoteWebDriver.execute(RemoteWebDriver.java:545)
at org.openqa.selenium.remote.RemoteWebDriver.get(RemoteWebDriver.java:313)
at com.qualizeal.selenium.Assignment.openURL(Assignment.java:29)
at com.qualizeal.selenium.DemoTest.url(DemoTest.java:22)
at jdk.internal.reflect.GeneratedMethodAccessor3.invoke(Unknown Source)
at java.base/jdk.internal.reflect.DelegatingMethodAccessorImpl.invoke(DelegatingMethodAccessorImpl.java:43)
at java.base/java.lang.reflect.Method.invoke(Method.java:568)
at org.testng.internal.MethodInvocationHelper.invokeMethod(MethodInvocationHelper.java:133)
at org.testng.internal.MethodInvocationHelper.invokeMethodConsideringTimeout(MethodInvocationHelper.java:62)
at org.testng.internal.ConfigInvoker.invokeConfigurationMethod(ConfigInvoker.java:385)
at org.testng.internal.ConfigInvoker.invokeConfigurations(ConfigInvoker.java:321)
at org.testng.internal.TestInvoker.runConfigMethods(TestInvoker.java:700)
at org.testng.internal.TestInvoker.invokeMethod(TestInvoker.java:527)
at org.testng.internal.TestInvoker.invokeTestMethod(TestInvoker.java:173)
at org.testng.internal.MethodRunner.runInSequence(MethodRunner.java:46)
at org.testng.internal.TestInvoker$MethodInvocationAgent.invoke(TestInvoker.java:824)
at org.testng.internal.TestInvoker.invokeTestMethods(TestInvoker.java:146)
at org.testng.internal.TestMethodWorker.invokeTestMethods(TestMethodWorker.java:146)
at org.testng.internal.TestMethodWorker.run(TestMethodWorker.java:128)
at java.base/java.util.ArrayList.forEach(ArrayList.java:1511)
at org.testng.TestRunner.privateRun(TestRunner.java:794)
at org.testng.TestRunner.run(TestRunner.java:596)
at org.testng.SuiteRunner.runTest(SuiteRunner.java:377)
at org.testng.SuiteRunner.runSequentially(SuiteRunner.java:371)
at org.testng.SuiteRunner.privateRun(SuiteRunner.java:332)
at org.testng.SuiteRunner.run(SuiteRunner.java:276)
at org.testng.SuiteRunnerWorker.runSuite(SuiteRunnerWorker.java:53)
at org.testng.SuiteRunnerWorker.run(SuiteRunnerWorker.java:96)
at org.testng.TestNG.runSuitesSequentially(TestNG.java:1212)
at org.testng.TestNG.runSuitesLocally(TestNG.java:1134)
at org.testng.TestNG.runSuites(TestNG.java:1063)
at org.testng.TestNG.run(TestNG.java:1031)
at org.testng.remote.AbstractRemoteTestNG.run(AbstractRemoteTestNG.java:115)
at org.testng.remote.RemoteTestNG.initAndRun(RemoteTestNG.java:293)
at org.testng.remote.RemoteTestNG.main(RemoteTestNG.java:91)
Caused by: java.util.concurrent.TimeoutException
at java.base/java.util.concurrent.CompletableFuture$Timeout.run(CompletableFuture.java:2874)
at java.base/java.util.concurrent.Executors$RunnableAdapter.call(Executors.java:539)
at java.base/java.util.concurrent.FutureTask.run(FutureTask.java:264)
at java.base/java.util.concurrent.ScheduledThreadPoolExecutor$ScheduledFutureTask.run(ScheduledThreadPoolExecutor.java:304)
at java.base/java.util.concurrent.ThreadPoolExecutor.runWorker(ThreadPoolExecutor.java:1136)
at java.base/java.util.concurrent.ThreadPoolExecutor$Worker.run(ThreadPoolExecutor.java:635)
at java.base/java.lang.Thread.run(Thread.java:842)
]]>
    </failure>
  </testcase> <!-- @BeforeMethod url -->
  <testcase classname="com.qualizeal.selenium.DemoTest" name="@AfterMethod close" time="-1.735550857891E9">
    <skipped/>
  </testcase> <!-- @AfterMethod close -->
  <testcase classname="com.qualizeal.selenium.DemoTest" name="@BeforeMethod url" time="-1.735550857892E9">
    <skipped/>
  </testcase> <!-- @BeforeMethod url -->
  <testcase classname="com.qualizeal.selenium.DemoTest" name="@AfterMethod close" time="-1.735550857894E9">
    <skipped/>
  </testcase> <!-- @AfterMethod close -->
  <testcase classname="com.qualizeal.selenium.DemoTest" name="@BeforeMethod url" time="-1.735550857894E9">
    <skipped/>
  </testcase> <!-- @BeforeMethod url -->
  <testcase classname="com.qualizeal.selenium.DemoTest" name="@AfterMethod close" time="-1.735550857896E9">
    <skipped/>
  </testcase> <!-- @AfterMethod close -->
  <testcase classname="com.qualizeal.selenium.DemoTest" name="@BeforeMethod url" time="-1.735550857897E9">
    <skipped/>
  </testcase> <!-- @BeforeMethod url -->
  <testcase classname="com.qualizeal.selenium.DemoTest" name="@AfterMethod close" time="-1.735550857898E9">
    <skipped/>
  </testcase> <!-- @AfterMethod close -->
  <testcase classname="com.qualizeal.selenium.DemoTest" name="@BeforeMethod url" time="-1.735550857898E9">
    <skipped/>
  </testcase> <!-- @BeforeMethod url -->
  <testcase classname="com.qualizeal.selenium.DemoTest" name="@AfterMethod close" time="-1.735550857901E9">
    <skipped/>
  </testcase> <!-- @AfterMethod close -->
  <testcase classname="com.qualizeal.selenium.DemoTest" name="@BeforeMethod url" time="-1.735550857901E9">
    <skipped/>
  </testcase> <!-- @BeforeMethod url -->
  <testcase classname="com.qualizeal.selenium.DemoTest" name="@AfterMethod close" time="-1.735550857902E9">
    <skipped/>
  </testcase> <!-- @AfterMethod close -->
  <testcase classname="com.qualizeal.selenium.DemoTest" name="@BeforeMethod url" time="-1.735550857903E9">
    <skipped/>
  </testcase> <!-- @BeforeMethod url -->
  <testcase classname="com.qualizeal.selenium.DemoTest" name="@AfterMethod close" time="-1.735550857904E9">
    <skipped/>
  </testcase> <!-- @AfterMethod close -->
  <testcase classname="com.qualizeal.selenium.DemoTest" name="@BeforeMethod url" time="-1.735550857904E9">
    <skipped/>
  </testcase> <!-- @BeforeMethod url -->
  <testcase classname="com.qualizeal.selenium.DemoTest" name="@AfterMethod close" time="-1.735550857905E9">
    <skipped/>
  </testcase> <!-- @AfterMethod close -->
  <testcase classname="com.qualizeal.selenium.DemoTest" name="@BeforeMethod url" time="-1.735550857905E9">
    <skipped/>
  </testcase> <!-- @BeforeMethod url -->
  <testcase classname="com.qualizeal.selenium.DemoTest" name="@AfterMethod close" time="-1.735550857907E9">
    <skipped/>
  </testcase> <!-- @AfterMethod close -->
  <testcase classname="com.qualizeal.selenium.DemoTest" name="@BeforeMethod url" time="-1.735550857907E9">
    <skipped/>
  </testcase> <!-- @BeforeMethod url -->
  <testcase classname="com.qualizeal.selenium.DemoTest" name="@AfterMethod close" time="-1.735550857908E9">
    <skipped/>
  </testcase> <!-- @AfterMethod close -->
  <testcase classname="com.qualizeal.selenium.DemoTest" name="@BeforeMethod url" time="-1.735550857908E9">
    <skipped/>
  </testcase> <!-- @BeforeMethod url -->
  <testcase classname="com.qualizeal.selenium.DemoTest" name="@AfterMethod close" time="-1.735550857909E9">
    <skipped/>
  </testcase> <!-- @AfterMethod close -->
  <testcase classname="com.qualizeal.selenium.DemoTest" name="@BeforeMethod url" time="-1.73555085791E9">
    <skipped/>
  </testcase> <!-- @BeforeMethod url -->
  <testcase classname="com.qualizeal.selenium.DemoTest" name="@AfterMethod close" time="-1.735550857911E9">
    <skipped/>
  </testcase> <!-- @AfterMethod close -->
  <testcase classname="com.qualizeal.selenium.DemoTest" name="@BeforeMethod url" time="-1.735550857911E9">
    <skipped/>
  </testcase> <!-- @BeforeMethod url -->
  <testcase classname="com.qualizeal.selenium.DemoTest" name="@AfterMethod close" time="-1.735550857912E9">
    <skipped/>
  </testcase> <!-- @AfterMethod close -->
  <testcase classname="com.qualizeal.selenium.DemoTest" name="@BeforeMethod url" time="-1.735550857912E9">
    <skipped/>
  </testcase> <!-- @BeforeMethod url -->
  <testcase classname="com.qualizeal.selenium.DemoTest" name="@AfterMethod close" time="-1.735550857914E9">
    <skipped/>
  </testcase> <!-- @AfterMethod close -->
  <testcase classname="com.qualizeal.selenium.DemoTest" name="@BeforeMethod url" time="-1.735550857914E9">
    <skipped/>
  </testcase> <!-- @BeforeMethod url -->
  <testcase classname="com.qualizeal.selenium.DemoTest" name="@AfterMethod close" time="-1.735550857916E9">
    <skipped/>
  </testcase> <!-- @AfterMethod close -->
  <testcase classname="com.qualizeal.selenium.DemoTest" name="@BeforeMethod url" time="-1.735550857916E9">
    <skipped/>
  </testcase> <!-- @BeforeMethod url -->
  <testcase classname="com.qualizeal.selenium.DemoTest" name="@AfterMethod close" time="-1.735550857918E9">
    <skipped/>
  </testcase> <!-- @AfterMethod close -->
  <testcase classname="com.qualizeal.selenium.DemoTest" name="@BeforeMethod url" time="-1.735550857918E9">
    <skipped/>
  </testcase> <!-- @BeforeMethod url -->
  <testcase classname="com.qualizeal.selenium.DemoTest" name="@AfterMethod close" time="-1.73555085792E9">
    <skipped/>
  </testcase> <!-- @AfterMethod close -->
  <testcase classname="com.qualizeal.selenium.DemoTest" name="@BeforeMethod url" time="-1.735550857921E9">
    <skipped/>
  </testcase> <!-- @BeforeMethod url -->
  <testcase classname="com.qualizeal.selenium.DemoTest" name="@AfterMethod close" time="-1.735550857923E9">
    <skipped/>
  </testcase> <!-- @AfterMethod close -->
  <testcase classname="com.qualizeal.selenium.DemoTest" name="@BeforeMethod url" time="-1.735550857924E9">
    <skipped/>
  </testcase> <!-- @BeforeMethod url -->
  <testcase classname="com.qualizeal.selenium.DemoTest" name="@AfterMethod close" time="-1.735550857926E9">
    <skipped/>
  </testcase> <!-- @AfterMethod close -->
  <testcase classname="com.qualizeal.selenium.DemoTest" name="@BeforeMethod url" time="-1.735550857926E9">
    <skipped/>
  </testcase> <!-- @BeforeMethod url -->
  <testcase classname="com.qualizeal.selenium.DemoTest" name="@AfterMethod close" time="-1.735550857928E9">
    <skipped/>
  </testcase> <!-- @AfterMethod close -->
  <testcase classname="com.qualizeal.selenium.DemoTest" name="@BeforeMethod url" time="-1.735550857928E9">
    <skipped/>
  </testcase> <!-- @BeforeMethod url -->
  <testcase classname="com.qualizeal.selenium.DemoTest" name="@AfterMethod close" time="-1.73555085793E9">
    <skipped/>
  </testcase> <!-- @AfterMethod close -->
  <testcase classname="com.qualizeal.selenium.DemoTest" name="@BeforeMethod url" time="-1.73555085793E9">
    <skipped/>
  </testcase> <!-- @BeforeMethod url -->
  <testcase classname="com.qualizeal.selenium.DemoTest" name="@AfterMethod close" time="-1.735550857932E9">
    <skipped/>
  </testcase> <!-- @AfterMethod close -->
  <testcase classname="com.qualizeal.selenium.DemoTest" name="@BeforeMethod url" time="-1.735550857933E9">
    <skipped/>
  </testcase> <!-- @BeforeMethod url -->
  <testcase classname="com.qualizeal.selenium.DemoTest" name="@AfterMethod close" time="-1.735550857934E9">
    <skipped/>
  </testcase> <!-- @AfterMethod close -->
  <testcase classname="com.qualizeal.selenium.DemoTest" name="@BeforeMethod url" time="-1.735550857935E9">
    <skipped/>
  </testcase> <!-- @BeforeMethod url -->
  <testcase classname="com.qualizeal.selenium.DemoTest" name="@AfterMethod close" time="-1.735550857935E9">
    <skipped/>
  </testcase> <!-- @AfterMethod close -->
  <testcase classname="com.qualizeal.selenium.DemoTest" name="@BeforeMethod url" time="-1.735550857936E9">
    <skipped/>
  </testcase> <!-- @BeforeMethod url -->
  <testcase classname="com.qualizeal.selenium.DemoTest" name="@AfterMethod close" time="-1.735550857937E9">
    <skipped/>
  </testcase> <!-- @AfterMethod close -->
  <testcase classname="com.qualizeal.selenium.DemoTest" name="@BeforeMethod url" time="-1.735550857937E9">
    <skipped/>
  </testcase> <!-- @BeforeMethod url -->
  <testcase classname="com.qualizeal.selenium.DemoTest" name="@AfterMethod close" time="-1.735550857938E9">
    <skipped/>
  </testcase> <!-- @AfterMethod close -->
  <testcase classname="com.qualizeal.selenium.DemoTest" name="@BeforeMethod url" time="-1.735550857939E9">
    <skipped/>
  </testcase> <!-- @BeforeMethod url -->
  <testcase classname="com.qualizeal.selenium.DemoTest" name="@AfterMethod close" time="-1.73555085794E9">
    <skipped/>
  </testcase> <!-- @AfterMethod close -->
  <testcase classname="com.qualizeal.selenium.DemoTest" name="@BeforeMethod url" time="-1.73555085794E9">
    <skipped/>
  </testcase> <!-- @BeforeMethod url -->
  <testcase classname="com.qualizeal.selenium.DemoTest" name="@AfterMethod close" time="-1.735550857941E9">
    <skipped/>
  </testcase> <!-- @AfterMethod close -->
  <testcase classname="com.qualizeal.selenium.DemoTest" name="@BeforeMethod url" time="-1.735550857942E9">
    <skipped/>
  </testcase> <!-- @BeforeMethod url -->
  <testcase classname="com.qualizeal.selenium.DemoTest" name="@AfterMethod close" time="-1.735550857945E9">
    <skipped/>
  </testcase> <!-- @AfterMethod close -->
  <testcase classname="com.qualizeal.selenium.DemoTest" name="@BeforeMethod url" time="-1.735550857946E9">
    <skipped/>
  </testcase> <!-- @BeforeMethod url -->
  <testcase classname="com.qualizeal.selenium.DemoTest" name="@AfterMethod close" time="-1.735550857947E9">
    <skipped/>
  </testcase> <!-- @AfterMethod close -->
  <testcase classname="com.qualizeal.selenium.DemoTest" name="@BeforeMethod url" time="-1.735550857947E9">
    <skipped/>
  </testcase> <!-- @BeforeMethod url -->
  <testcase classname="com.qualizeal.selenium.DemoTest" name="@AfterMethod close" time="-1.735550857948E9">
    <skipped/>
  </testcase> <!-- @AfterMethod close -->
  <testcase classname="com.qualizeal.selenium.DemoTest" name="@BeforeMethod url" time="-1.735550857949E9">
    <skipped/>
  </testcase> <!-- @BeforeMethod url -->
  <testcase classname="com.qualizeal.selenium.DemoTest" name="@AfterMethod close" time="-1.73555085795E9">
    <skipped/>
  </testcase> <!-- @AfterMethod close -->
  <testcase classname="com.qualizeal.selenium.DemoTest" name="@BeforeMethod url" time="-1.735550857951E9">
    <skipped/>
  </testcase> <!-- @BeforeMethod url -->
  <testcase classname="com.qualizeal.selenium.DemoTest" name="@AfterMethod close" time="-1.735550857952E9">
    <skipped/>
  </testcase> <!-- @AfterMethod close -->
  <testcase classname="com.qualizeal.selenium.DemoTest" name="@BeforeMethod url" time="-1.735550857952E9">
    <skipped/>
  </testcase> <!-- @BeforeMethod url -->
  <testcase classname="com.qualizeal.selenium.DemoTest" name="@AfterMethod close" time="-1.735550857953E9">
    <skipped/>
  </testcase> <!-- @AfterMethod close -->
  <testcase classname="com.qualizeal.selenium.DemoTest" name="@BeforeMethod url" time="-1.735550857954E9">
    <skipped/>
  </testcase> <!-- @BeforeMethod url -->
  <testcase classname="com.qualizeal.selenium.DemoTest" name="@AfterMethod close" time="-1.735550857955E9">
    <skipped/>
  </testcase> <!-- @AfterMethod close -->
  <testcase classname="com.qualizeal.selenium.DemoTest" name="@BeforeMethod url" time="-1.735550857955E9">
    <skipped/>
  </testcase> <!-- @BeforeMethod url -->
  <testcase classname="com.qualizeal.selenium.DemoTest" name="@AfterMethod close" time="-1.735550857956E9">
    <skipped/>
  </testcase> <!-- @AfterMethod close -->
  <testcase classname="com.qualizeal.selenium.DemoTest" name="@BeforeMethod url" time="-1.735550857957E9">
    <skipped/>
  </testcase> <!-- @BeforeMethod url -->
  <testcase classname="com.qualizeal.selenium.DemoTest" name="@AfterMethod close" time="-1.735550857958E9">
    <skipped/>
  </testcase> <!-- @AfterMethod close -->
  <testcase classname="com.qualizeal.selenium.DemoTest" name="@BeforeMethod url" time="-1.735550857959E9">
    <skipped/>
  </testcase> <!-- @BeforeMethod url -->
  <testcase classname="com.qualizeal.selenium.DemoTest" name="@AfterMethod close" time="-1.73555085796E9">
    <skipped/>
  </testcase> <!-- @AfterMethod close -->
  <testcase classname="com.qualizeal.selenium.DemoTest" name="@BeforeMethod url" time="-1.73555085796E9">
    <skipped/>
  </testcase> <!-- @BeforeMethod url -->
  <testcase classname="com.qualizeal.selenium.DemoTest" name="@AfterMethod close" time="-1.735550857962E9">
    <skipped/>
  </testcase> <!-- @AfterMethod close -->
  <testcase classname="com.qualizeal.selenium.DemoTest" name="@BeforeMethod url" time="-1.735550857962E9">
    <skipped/>
  </testcase> <!-- @BeforeMethod url -->
  <testcase classname="com.qualizeal.selenium.DemoTest" name="@AfterMethod close" time="-1.735550857963E9">
    <skipped/>
  </testcase> <!-- @AfterMethod close -->
  <testcase classname="com.qualizeal.selenium.DemoTest" name="@BeforeMethod url" time="-1.735550857963E9">
    <skipped/>
  </testcase> <!-- @BeforeMethod url -->
  <testcase classname="com.qualizeal.selenium.DemoTest" name="@AfterMethod close" time="-1.735550857964E9">
    <skipped/>
  </testcase> <!-- @AfterMethod close -->
  <testcase classname="com.qualizeal.selenium.DemoTest" name="@BeforeMethod url" time="-1.735550857964E9">
    <skipped/>
  </testcase> <!-- @BeforeMethod url -->
  <testcase classname="com.qualizeal.selenium.DemoTest" name="@AfterMethod close" time="-1.735550857965E9">
    <skipped/>
  </testcase> <!-- @AfterMethod close -->
  <testcase classname="com.qualizeal.selenium.DemoTest" name="@BeforeMethod url" time="-1.735550857965E9">
    <skipped/>
  </testcase> <!-- @BeforeMethod url -->
  <testcase classname="com.qualizeal.selenium.DemoTest" name="@AfterMethod close" time="-1.735550857967E9">
    <skipped/>
  </testcase> <!-- @AfterMethod close -->
  <testcase classname="com.qualizeal.selenium.DemoTest" name="@BeforeMethod url" time="-1.735550857967E9">
    <skipped/>
  </testcase> <!-- @BeforeMethod url -->
  <testcase classname="com.qualizeal.selenium.DemoTest" name="@AfterMethod close" time="-1.735550857969E9">
    <skipped/>
  </testcase> <!-- @AfterMethod close -->
  <testcase classname="com.qualizeal.selenium.DemoTest" name="@BeforeMethod url" time="-1.735550857969E9">
    <skipped/>
  </testcase> <!-- @BeforeMethod url -->
  <testcase classname="com.qualizeal.selenium.DemoTest" name="@AfterMethod close" time="-1.73555085797E9">
    <skipped/>
  </testcase> <!-- @AfterMethod close -->
  <testcase classname="com.qualizeal.selenium.DemoTest" name="@BeforeMethod url" time="-1.735550857971E9">
    <skipped/>
  </testcase> <!-- @BeforeMethod url -->
  <testcase classname="com.qualizeal.selenium.DemoTest" name="@AfterMethod close" time="-1.735550857972E9">
    <skipped/>
  </testcase> <!-- @AfterMethod close -->
  <testcase classname="com.qualizeal.selenium.DemoTest" name="@BeforeMethod url" time="-1.735550857972E9">
    <skipped/>
  </testcase> <!-- @BeforeMethod url -->
  <testcase classname="com.qualizeal.selenium.DemoTest" name="@AfterMethod close" time="-1.735550857973E9">
    <skipped/>
  </testcase> <!-- @AfterMethod close -->
  <testcase classname="com.qualizeal.selenium.DemoTest" name="@BeforeMethod url" time="-1.735550857974E9">
    <skipped/>
  </testcase> <!-- @BeforeMethod url -->
  <testcase classname="com.qualizeal.selenium.DemoTest" name="@AfterMethod close" time="-1.735550857975E9">
    <skipped/>
  </testcase> <!-- @AfterMethod close -->
  <testcase classname="com.qualizeal.selenium.DemoTest" name="@BeforeMethod url" time="-1.735550857975E9">
    <skipped/>
  </testcase> <!-- @BeforeMethod url -->
  <testcase classname="com.qualizeal.selenium.DemoTest" name="@AfterMethod close" time="-1.735550857977E9">
    <skipped/>
  </testcase> <!-- @AfterMethod close -->
  <testcase classname="com.qualizeal.selenium.DemoTest" name="@BeforeMethod url" time="-1.735550857977E9">
    <skipped/>
  </testcase> <!-- @BeforeMethod url -->
  <testcase classname="com.qualizeal.selenium.DemoTest" name="@AfterMethod close" time="-1.735550857979E9">
    <skipped/>
  </testcase> <!-- @AfterMethod close -->
  <testcase classname="com.qualizeal.selenium.DemoTest" name="@BeforeMethod url" time="-1.735550857979E9">
    <skipped/>
  </testcase> <!-- @BeforeMethod url -->
  <testcase classname="com.qualizeal.selenium.DemoTest" name="@AfterMethod close" time="-1.73555085798E9">
    <skipped/>
  </testcase> <!-- @AfterMethod close -->
  <testcase classname="com.qualizeal.selenium.DemoTest" name="@BeforeMethod url" time="-1.735550857981E9">
    <skipped/>
  </testcase> <!-- @BeforeMethod url -->
  <testcase classname="com.qualizeal.selenium.DemoTest" name="@AfterMethod close" time="-1.735550857982E9">
    <skipped/>
  </testcase> <!-- @AfterMethod close -->
  <testcase classname="com.qualizeal.selenium.DemoTest" name="@BeforeMethod url" time="-1.735550857983E9">
    <skipped/>
  </testcase> <!-- @BeforeMethod url -->
  <testcase classname="com.qualizeal.selenium.DemoTest" name="@AfterMethod close" time="-1.735550857985E9">
    <skipped/>
  </testcase> <!-- @AfterMethod close -->
  <testcase classname="com.qualizeal.selenium.DemoTest" name="@BeforeMethod url" time="-1.735550857985E9">
    <skipped/>
  </testcase> <!-- @BeforeMethod url -->
  <testcase classname="com.qualizeal.selenium.DemoTest" name="@AfterMethod close" time="-1.735550857986E9">
    <skipped/>
  </testcase> <!-- @AfterMethod close -->
  <testcase classname="com.qualizeal.selenium.DemoTest" name="@BeforeMethod url" time="-1.735550857987E9">
    <skipped/>
  </testcase> <!-- @BeforeMethod url -->
  <testcase classname="com.qualizeal.selenium.DemoTest" name="@AfterMethod close" time="-1.735550857988E9">
    <skipped/>
  </testcase> <!-- @AfterMethod close -->
  <testcase classname="com.qualizeal.selenium.DemoTest" name="@BeforeMethod url" time="-1.735550857988E9">
    <skipped/>
  </testcase> <!-- @BeforeMethod url -->
  <testcase classname="com.qualizeal.selenium.DemoTest" name="@AfterMethod close" time="-1.735550857989E9">
    <skipped/>
  </testcase> <!-- @AfterMethod close -->
  <testcase classname="com.qualizeal.selenium.DemoTest" name="@BeforeMethod url" time="-1.735550857989E9">
    <skipped/>
  </testcase> <!-- @BeforeMethod url -->
  <testcase classname="com.qualizeal.selenium.DemoTest" name="@AfterMethod close" time="-1.73555085799E9">
    <skipped/>
  </testcase> <!-- @AfterMethod close -->
  <testcase classname="com.qualizeal.selenium.DemoTest" name="@BeforeMethod url" time="-1.73555085799E9">
    <skipped/>
  </testcase> <!-- @BeforeMethod url -->
  <testcase classname="com.qualizeal.selenium.DemoTest" name="@AfterMethod close" time="-1.735550857992E9">
    <skipped/>
  </testcase> <!-- @AfterMethod close -->
  <testcase classname="com.qualizeal.selenium.DemoTest" name="@BeforeMethod url" time="-1.735550857992E9">
    <skipped/>
  </testcase> <!-- @BeforeMethod url -->
  <testcase classname="com.qualizeal.selenium.DemoTest" name="@AfterMethod close" time="-1.735550857993E9">
    <skipped/>
  </testcase> <!-- @AfterMethod close -->
  <testcase classname="com.qualizeal.selenium.DemoTest" name="@BeforeMethod url" time="-1.735550857993E9">
    <skipped/>
  </testcase> <!-- @BeforeMethod url -->
  <testcase classname="com.qualizeal.selenium.DemoTest" name="@AfterMethod close" time="-1.735550857995E9">
    <skipped/>
  </testcase> <!-- @AfterMethod close -->
  <testcase classname="com.qualizeal.selenium.DemoTest" name="@BeforeMethod url" time="-1.735550857995E9">
    <skipped/>
  </testcase> <!-- @BeforeMethod url -->
  <testcase classname="com.qualizeal.selenium.DemoTest" name="@AfterMethod close" time="-1.735550857996E9">
    <skipped/>
  </testcase> <!-- @AfterMethod close -->
  <testcase classname="com.qualizeal.selenium.DemoTest" name="@BeforeMethod url" time="-1.735550857996E9">
    <skipped/>
  </testcase> <!-- @BeforeMethod url -->
  <testcase classname="com.qualizeal.selenium.DemoTest" name="@AfterMethod close" time="-1.735550857998E9">
    <skipped/>
  </testcase> <!-- @AfterMethod close -->
  <testcase classname="com.qualizeal.selenium.DemoTest" name="@BeforeMethod url" time="-1.735550857998E9">
    <skipped/>
  </testcase> <!-- @BeforeMethod url -->
  <testcase classname="com.qualizeal.selenium.DemoTest" name="@AfterMethod close" time="-1.735550857999E9">
    <skipped/>
  </testcase> <!-- @AfterMethod close -->
  <testcase classname="com.qualizeal.selenium.DemoTest" name="@BeforeMethod url" time="-1.735550858E9">
    <skipped/>
  </testcase> <!-- @BeforeMethod url -->
  <testcase classname="com.qualizeal.selenium.DemoTest" name="@AfterMethod close" time="-1.735550858001E9">
    <skipped/>
  </testcase> <!-- @AfterMethod close -->
  <testcase classname="com.qualizeal.selenium.DemoTest" name="@BeforeMethod url" time="-1.735550858001E9">
    <skipped/>
  </testcase> <!-- @BeforeMethod url -->
  <testcase classname="com.qualizeal.selenium.DemoTest" name="@AfterMethod close" time="-1.735550858003E9">
    <skipped/>
  </testcase> <!-- @AfterMethod close -->
  <testcase classname="com.qualizeal.selenium.DemoTest" name="@BeforeMethod url" time="-1.735550858003E9">
    <skipped/>
  </testcase> <!-- @BeforeMethod url -->
  <testcase classname="com.qualizeal.selenium.DemoTest" name="@AfterMethod close" time="-1.735550858004E9">
    <skipped/>
  </testcase> <!-- @AfterMethod close -->
  <testcase classname="com.qualizeal.selenium.DemoTest" name="@BeforeMethod url" time="-1.735550858005E9">
    <skipped/>
  </testcase> <!-- @BeforeMethod url -->
  <testcase classname="com.qualizeal.selenium.DemoTest" name="@AfterMethod close" time="-1.735550858006E9">
    <skipped/>
  </testcase> <!-- @AfterMethod close -->
  <testcase classname="com.qualizeal.selenium.DemoTest" name="@BeforeMethod url" time="-1.735550858006E9">
    <skipped/>
  </testcase> <!-- @BeforeMethod url -->
  <testcase classname="com.qualizeal.selenium.DemoTest" name="@AfterMethod close" time="-1.735550858008E9">
    <skipped/>
  </testcase> <!-- @AfterMethod close -->
  <testcase classname="com.qualizeal.selenium.DemoTest" name="@BeforeMethod url" time="-1.735550858008E9">
    <skipped/>
  </testcase> <!-- @BeforeMethod url -->
  <testcase classname="com.qualizeal.selenium.DemoTest" name="@AfterMethod close" time="-1.73555085801E9">
    <skipped/>
  </testcase> <!-- @AfterMethod close -->
  <testcase classname="com.qualizeal.selenium.DemoTest" name="@BeforeMethod url" time="-1.73555085801E9">
    <skipped/>
  </testcase> <!-- @BeforeMethod url -->
  <testcase classname="com.qualizeal.selenium.DemoTest" name="@AfterMethod close" time="-1.735550858011E9">
    <skipped/>
  </testcase> <!-- @AfterMethod close -->
  <testcase classname="com.qualizeal.selenium.DemoTest" name="@BeforeMethod url" time="-1.735550858012E9">
    <skipped/>
  </testcase> <!-- @BeforeMethod url -->
  <testcase classname="com.qualizeal.selenium.DemoTest" name="@AfterMethod close" time="-1.735550858013E9">
    <skipped/>
  </testcase> <!-- @AfterMethod close -->
  <testcase classname="com.qualizeal.selenium.DemoTest" name="@BeforeMethod url" time="-1.735550858014E9">
    <skipped/>
  </testcase> <!-- @BeforeMethod url -->
  <testcase classname="com.qualizeal.selenium.DemoTest" name="@AfterMethod close" time="-1.735550858015E9">
    <skipped/>
  </testcase> <!-- @AfterMethod close -->
  <testcase classname="com.qualizeal.selenium.DemoTest" name="@BeforeMethod url" time="-1.735550858015E9">
    <skipped/>
  </testcase> <!-- @BeforeMethod url -->
  <testcase classname="com.qualizeal.selenium.DemoTest" name="@AfterMethod close" time="-1.735550858017E9">
    <skipped/>
  </testcase> <!-- @AfterMethod close -->
  <testcase classname="com.qualizeal.selenium.DemoTest" name="@BeforeMethod url" time="-1.735550858018E9">
    <skipped/>
  </testcase> <!-- @BeforeMethod url -->
  <testcase classname="com.qualizeal.selenium.DemoTest" name="@AfterMethod close" time="-1.735550858019E9">
    <skipped/>
  </testcase> <!-- @AfterMethod close -->
  <testcase classname="com.qualizeal.selenium.DemoTest" name="@BeforeMethod url" time="-1.735550858019E9">
    <skipped/>
  </testcase> <!-- @BeforeMethod url -->
  <testcase classname="com.qualizeal.selenium.DemoTest" name="@AfterMethod close" time="-1.735550858021E9">
    <skipped/>
  </testcase> <!-- @AfterMethod close -->
  <testcase classname="com.qualizeal.selenium.DemoTest" name="@BeforeMethod url" time="-1.735550858021E9">
    <skipped/>
  </testcase> <!-- @BeforeMethod url -->
  <testcase classname="com.qualizeal.selenium.DemoTest" name="@AfterMethod close" time="-1.735550858022E9">
    <skipped/>
  </testcase> <!-- @AfterMethod close -->
  <testcase classname="com.qualizeal.selenium.DemoTest" name="@BeforeMethod url" time="-1.735550858023E9">
    <skipped/>
  </testcase> <!-- @BeforeMethod url -->
  <testcase classname="com.qualizeal.selenium.DemoTest" name="@AfterMethod close" time="-1.735550858024E9">
    <skipped/>
  </testcase> <!-- @AfterMethod close -->
  <testcase classname="com.qualizeal.selenium.DemoTest" name="@BeforeMethod url" time="-1.735550858024E9">
    <skipped/>
  </testcase> <!-- @BeforeMethod url -->
  <testcase classname="com.qualizeal.selenium.DemoTest" name="@AfterMethod close" time="-1.735550858026E9">
    <skipped/>
  </testcase> <!-- @AfterMethod close -->
  <testcase classname="com.qualizeal.selenium.DemoTest" name="@BeforeMethod url" time="-1.735550858026E9">
    <skipped/>
  </testcase> <!-- @BeforeMethod url -->
  <testcase classname="com.qualizeal.selenium.DemoTest" name="@AfterMethod close" time="-1.735550858028E9">
    <skipped/>
  </testcase> <!-- @AfterMethod close -->
  <testcase classname="com.qualizeal.selenium.DemoTest" name="@BeforeMethod url" time="-1.735550858029E9">
    <skipped/>
  </testcase> <!-- @BeforeMethod url -->
  <testcase classname="com.qualizeal.selenium.DemoTest" name="@AfterMethod close" time="-1.73555085803E9">
    <skipped/>
  </testcase> <!-- @AfterMethod close -->
  <testcase classname="com.qualizeal.selenium.DemoTest" name="@BeforeMethod url" time="-1.73555085803E9">
    <skipped/>
  </testcase> <!-- @BeforeMethod url -->
  <testcase classname="com.qualizeal.selenium.DemoTest" name="@AfterMethod close" time="-1.735550858031E9">
    <skipped/>
  </testcase> <!-- @AfterMethod close -->
  <testcase classname="com.qualizeal.selenium.DemoTest" name="@BeforeMethod url" time="-1.735550858032E9">
    <skipped/>
  </testcase> <!-- @BeforeMethod url -->
  <testcase classname="com.qualizeal.selenium.DemoTest" name="@AfterMethod close" time="-1.735550858033E9">
    <skipped/>
  </testcase> <!-- @AfterMethod close -->
  <testcase classname="com.qualizeal.selenium.DemoTest" name="@BeforeMethod url" time="-1.735550858033E9">
    <skipped/>
  </testcase> <!-- @BeforeMethod url -->
  <testcase classname="com.qualizeal.selenium.DemoTest" name="@AfterMethod close" time="-1.735550858034E9">
    <skipped/>
  </testcase> <!-- @AfterMethod close -->
  <testcase classname="com.qualizeal.selenium.DemoTest" name="@BeforeMethod url" time="-1.735550858034E9">
    <skipped/>
  </testcase> <!-- @BeforeMethod url -->
  <testcase classname="com.qualizeal.selenium.DemoTest" name="@AfterMethod close" time="-1.735550858036E9">
    <skipped/>
  </testcase> <!-- @AfterMethod close -->
  <testcase classname="com.qualizeal.selenium.DemoTest" name="@BeforeMethod url" time="-1.735550858036E9">
    <skipped/>
  </testcase> <!-- @BeforeMethod url -->
  <testcase classname="com.qualizeal.selenium.DemoTest" name="@AfterMethod close" time="-1.735550858037E9">
    <skipped/>
  </testcase> <!-- @AfterMethod close -->
  <testcase classname="com.qualizeal.selenium.DemoTest" name="@BeforeMethod url" time="-1.735550858037E9">
    <skipped/>
  </testcase> <!-- @BeforeMethod url -->
  <testcase classname="com.qualizeal.selenium.DemoTest" name="@AfterMethod close" time="-1.735550858039E9">
    <skipped/>
  </testcase> <!-- @AfterMethod close -->
  <testcase classname="com.qualizeal.selenium.DemoTest" name="@BeforeMethod url" time="-1.735550858039E9">
    <skipped/>
  </testcase> <!-- @BeforeMethod url -->
  <testcase classname="com.qualizeal.selenium.DemoTest" name="@AfterMethod close" time="-1.73555085804E9">
    <skipped/>
  </testcase> <!-- @AfterMethod close -->
  <testcase classname="com.qualizeal.selenium.DemoTest" name="@BeforeMethod url" time="-1.735550858041E9">
    <skipped/>
  </testcase> <!-- @BeforeMethod url -->
  <testcase classname="com.qualizeal.selenium.DemoTest" name="@AfterMethod close" time="-1.735550858042E9">
    <skipped/>
  </testcase> <!-- @AfterMethod close -->
  <testcase classname="com.qualizeal.selenium.DemoTest" name="@BeforeMethod url" time="-1.735550858042E9">
    <skipped/>
  </testcase> <!-- @BeforeMethod url -->
  <testcase classname="com.qualizeal.selenium.DemoTest" name="@AfterMethod close" time="-1.735550858043E9">
    <skipped/>
  </testcase> <!-- @AfterMethod close -->
  <testcase classname="com.qualizeal.selenium.DemoTest" name="@BeforeMethod url" time="-1.735550858044E9">
    <skipped/>
  </testcase> <!-- @BeforeMethod url -->
  <testcase classname="com.qualizeal.selenium.DemoTest" name="@AfterMethod close" time="-1.735550858045E9">
    <skipped/>
  </testcase> <!-- @AfterMethod close -->
  <testcase classname="com.qualizeal.selenium.DemoTest" name="@BeforeMethod url" time="-1.735550858046E9">
    <skipped/>
  </testcase> <!-- @BeforeMethod url -->
  <testcase classname="com.qualizeal.selenium.DemoTest" name="@AfterMethod close" time="-1.735550858047E9">
    <skipped/>
  </testcase> <!-- @AfterMethod close -->
  <testcase classname="com.qualizeal.selenium.DemoTest" name="@BeforeMethod url" time="-1.735550858048E9">
    <skipped/>
  </testcase> <!-- @BeforeMethod url -->
  <testcase classname="com.qualizeal.selenium.DemoTest" name="@AfterMethod close" time="-1.735550858049E9">
    <skipped/>
  </testcase> <!-- @AfterMethod close -->
  <testcase classname="com.qualizeal.selenium.DemoTest" name="@BeforeMethod url" time="-1.73555085805E9">
    <skipped/>
  </testcase> <!-- @BeforeMethod url -->
  <testcase classname="com.qualizeal.selenium.DemoTest" name="@AfterMethod close" time="-1.735550858051E9">
    <skipped/>
  </testcase> <!-- @AfterMethod close -->
  <testcase classname="com.qualizeal.selenium.DemoTest" name="@BeforeMethod url" time="-1.735550858051E9">
    <skipped/>
  </testcase> <!-- @BeforeMethod url -->
  <testcase classname="com.qualizeal.selenium.DemoTest" name="@AfterMethod close" time="-1.735550858053E9">
    <skipped/>
  </testcase> <!-- @AfterMethod close -->
  <testcase classname="com.qualizeal.selenium.DemoTest" name="@BeforeMethod url" time="-1.735550858054E9">
    <skipped/>
  </testcase> <!-- @BeforeMethod url -->
  <testcase classname="com.qualizeal.selenium.DemoTest" name="@AfterMethod close" time="-1.735550858055E9">
    <skipped/>
  </testcase> <!-- @AfterMethod close -->
  <testcase classname="com.qualizeal.selenium.DemoTest" name="test" time="10.578"/>
  <testcase classname="com.qualizeal.selenium.DemoTest" name="test" time="11.176"/>
  <testcase classname="com.qualizeal.selenium.DemoTest" name="test" time="11.008"/>
  <testcase classname="com.qualizeal.selenium.DemoTest" name="test" time="11.037"/>
  <testcase classname="com.qualizeal.selenium.DemoTest" name="test" time="11.09"/>
  <testcase classname="com.qualizeal.selenium.DemoTest" name="test" time="10.92"/>
  <testcase classname="com.qualizeal.selenium.DemoTest" name="test" time="10.875"/>
  <testcase classname="com.qualizeal.selenium.DemoTest" name="test" time="10.579"/>
  <testcase classname="com.qualizeal.selenium.DemoTest" name="test" time="10.966"/>
  <testcase classname="com.qualizeal.selenium.DemoTest" name="test" time="12.592"/>
  <testcase classname="com.qualizeal.selenium.DemoTest" name="test" time="12.632"/>
  <testcase classname="com.qualizeal.selenium.DemoTest" name="test" time="10.467"/>
  <testcase classname="com.qualizeal.selenium.DemoTest" name="test" time="11.027"/>
  <testcase classname="com.qualizeal.selenium.DemoTest" name="test" time="10.279"/>
  <testcase classname="com.qualizeal.selenium.DemoTest" name="test" time="10.473"/>
  <testcase classname="com.qualizeal.selenium.DemoTest" name="test" time="10.986"/>
  <testcase classname="com.qualizeal.selenium.DemoTest" name="test" time="10.64"/>
  <testcase classname="com.qualizeal.selenium.DemoTest" name="test" time="10.093"/>
  <testcase classname="com.qualizeal.selenium.DemoTest" name="test" time="10.059"/>
  <testcase classname="com.qualizeal.selenium.DemoTest" name="test" time="8.084"/>
  <testcase classname="com.qualizeal.selenium.DemoTest" name="test" time="10.402"/>
  <testcase classname="com.qualizeal.selenium.DemoTest" name="test" time="10.407"/>
  <testcase classname="com.qualizeal.selenium.DemoTest" name="test" time="10.442"/>
  <testcase classname="com.qualizeal.selenium.DemoTest" name="test" time="10.446"/>
  <testcase classname="com.qualizeal.selenium.DemoTest" name="test" time="11.05"/>
  <testcase classname="com.qualizeal.selenium.DemoTest" name="test" time="10.443"/>
  <testcase classname="com.qualizeal.selenium.DemoTest" name="test" time="10.372"/>
  <testcase classname="com.qualizeal.selenium.DemoTest" name="test" time="10.926"/>
  <testcase classname="com.qualizeal.selenium.DemoTest" name="test" time="10.471"/>
  <testcase classname="com.qualizeal.selenium.DemoTest" name="test" time="10.405"/>
  <testcase classname="com.qualizeal.selenium.DemoTest" name="test" time="10.337"/>
  <testcase classname="com.qualizeal.selenium.DemoTest" name="test" time="10.982"/>
  <testcase classname="com.qualizeal.selenium.DemoTest" name="test" time="10.432"/>
  <testcase classname="com.qualizeal.selenium.DemoTest" name="test" time="10.403"/>
  <testcase classname="com.qualizeal.selenium.DemoTest" name="test" time="10.999"/>
  <testcase classname="com.qualizeal.selenium.DemoTest" name="test" time="10.381"/>
  <testcase classname="com.qualizeal.selenium.DemoTest" name="test" time="10.413"/>
  <testcase classname="com.qualizeal.selenium.DemoTest" name="test" time="10.452"/>
  <testcase classname="com.qualizeal.selenium.DemoTest" name="test" time="10.301"/>
  <testcase classname="com.qualizeal.selenium.DemoTest" name="test" time="10.418"/>
  <testcase classname="com.qualizeal.selenium.DemoTest" name="test" time="10.387"/>
  <testcase classname="com.qualizeal.selenium.DemoTest" name="test" time="10.139"/>
  <testcase classname="com.qualizeal.selenium.DemoTest" name="test" time="10.104"/>
  <testcase classname="com.qualizeal.selenium.DemoTest" name="test" time="10.089"/>
  <testcase classname="com.qualizeal.selenium.DemoTest" name="test" time="8.199"/>
  <testcase classname="com.qualizeal.selenium.DemoTest" name="test" time="10.805"/>
  <testcase classname="com.qualizeal.selenium.DemoTest" name="test" time="10.889"/>
  <testcase classname="com.qualizeal.selenium.DemoTest" name="test" time="10.393"/>
  <testcase classname="com.qualizeal.selenium.DemoTest" name="test" time="10.43"/>
  <testcase classname="com.qualizeal.selenium.DemoTest" name="test" time="10.329"/>
  <testcase classname="com.qualizeal.selenium.DemoTest" name="test" time="10.888"/>
  <testcase classname="com.qualizeal.selenium.DemoTest" name="test" time="10.454"/>
  <testcase classname="com.qualizeal.selenium.DemoTest" name="test" time="10.113"/>
  <testcase classname="com.qualizeal.selenium.DemoTest" name="test" time="12.014"/>
  <testcase classname="com.qualizeal.selenium.DemoTest" name="test" time="10.481"/>
  <testcase classname="com.qualizeal.selenium.DemoTest" name="test" time="8.539"/>
  <testcase classname="com.qualizeal.selenium.DemoTest" name="test" time="10.504"/>
  <testcase classname="com.qualizeal.selenium.DemoTest" name="test" time="8.588"/>
  <testcase classname="com.qualizeal.selenium.DemoTest" name="test" time="10.81"/>
  <testcase classname="com.qualizeal.selenium.DemoTest" name="test" time="10.909"/>
  <testcase classname="com.qualizeal.selenium.DemoTest" name="test" time="10.173"/>
  <testcase classname="com.qualizeal.selenium.DemoTest" name="test" time="12.998"/>
  <testcase classname="com.qualizeal.selenium.DemoTest" name="test" time="10.77"/>
  <testcase classname="com.qualizeal.selenium.DemoTest" name="test" time="10.49"/>
  <testcase classname="com.qualizeal.selenium.DemoTest" name="test" time="10.494"/>
  <testcase classname="com.qualizeal.selenium.DemoTest" name="test" time="10.25"/>
  <testcase classname="com.qualizeal.selenium.DemoTest" name="test" time="7.988"/>
  <testcase classname="com.qualizeal.selenium.DemoTest" name="test" time="10.681"/>
  <testcase classname="com.qualizeal.selenium.DemoTest" name="test" time="10.83"/>
  <testcase classname="com.qualizeal.selenium.DemoTest" name="test" time="10.274"/>
  <testcase classname="com.qualizeal.selenium.DemoTest" name="test" time="10.169"/>
  <testcase classname="com.qualizeal.selenium.DemoTest" name="test" time="10.821"/>
  <testcase classname="com.qualizeal.selenium.DemoTest" name="test" time="10.794"/>
  <testcase classname="com.qualizeal.selenium.DemoTest" name="test" time="10.482"/>
  <testcase classname="com.qualizeal.selenium.DemoTest" name="test" time="10.504"/>
  <testcase classname="com.qualizeal.selenium.DemoTest" name="test" time="10.508"/>
  <testcase classname="com.qualizeal.selenium.DemoTest" name="test" time="8.57"/>
  <testcase classname="com.qualizeal.selenium.DemoTest" name="test" time="11.708"/>
  <testcase classname="com.qualizeal.selenium.DemoTest" name="test" time="8.513">
    <failure type="org.openqa.selenium.ElementClickInterceptedException" message="element click intercepted: Element &amp;lt;div class=&amp;quot; css-1wa3eu0-placeholder&amp;quot;&amp;gt;...&amp;lt;/div&amp;gt; is not clickable at point (745, 81). Other element would receive the click: &amp;lt;div class=&amp;quot;col-md-4 col-sm-12&amp;quot;&amp;gt;...&amp;lt;/div&amp;gt;
  (Session info: chrome=131.0.6778.204)
Build info: version: &amp;apos;4.26.0&amp;apos;, revision: &amp;apos;8ccf0219d7&amp;apos;
System info: os.name: &amp;apos;Windows 11&amp;apos;, os.arch: &amp;apos;amd64&amp;apos;, os.version: &amp;apos;10.0&amp;apos;, java.version: &amp;apos;17.0.11&amp;apos;
Driver info: org.openqa.selenium.chrome.ChromeDriver
Command: [1c0c992271e4bf947259fc7dd5aa9dcc, clickElement {id=f.0ACE8584F3C0E185BA98E86E0A586A6A.d.10F11EBDE585335940F45945FB1ACB99.e.100}]
Capabilities {acceptInsecureCerts: false, browserName: chrome, browserVersion: 131.0.6778.204, chrome: {chromedriverVersion: 131.0.6778.204 (52183f9e99a..., userDataDir: C:\Users\QUALIZ~1\AppData\L...}, fedcm:accounts: true, goog:chromeOptions: {debuggerAddress: localhost:61756}, networkConnectionEnabled: false, pageLoadStrategy: normal, platformName: windows, proxy: Proxy(), se:cdp: ws://localhost:61756/devtoo..., se:cdpVersion: 131.0.6778.204, setWindowRect: true, strictFileInteractability: false, timeouts: {implicit: 0, pageLoad: 300000, script: 30000}, unhandledPromptBehavior: dismiss and notify, webauthn:extension:credBlob: true, webauthn:extension:largeBlob: true, webauthn:extension:minPinLength: true, webauthn:extension:prf: true, webauthn:virtualAuthenticators: true}
Element: [[ChromeDriver: chrome on windows (1c0c992271e4bf947259fc7dd5aa9dcc)] -&amp;gt; xpath: //div[@class=&amp;apos; css-1wa3eu0-placeholder&amp;apos; and text()=&amp;apos;Select City&amp;apos;]]
Session ID: 1c0c992271e4bf947259fc7dd5aa9dcc">
      <![CDATA[org.openqa.selenium.ElementClickInterceptedException: element click intercepted: Element <div class=" css-1wa3eu0-placeholder">...</div> is not clickable at point (745, 81). Other element would receive the click: <div class="col-md-4 col-sm-12">...</div>
  (Session info: chrome=131.0.6778.204)
Build info: version: '4.26.0', revision: '8ccf0219d7'
System info: os.name: 'Windows 11', os.arch: 'amd64', os.version: '10.0', java.version: '17.0.11'
Driver info: org.openqa.selenium.chrome.ChromeDriver
Command: [1c0c992271e4bf947259fc7dd5aa9dcc, clickElement {id=f.0ACE8584F3C0E185BA98E86E0A586A6A.d.10F11EBDE585335940F45945FB1ACB99.e.100}]
Capabilities {acceptInsecureCerts: false, browserName: chrome, browserVersion: 131.0.6778.204, chrome: {chromedriverVersion: 131.0.6778.204 (52183f9e99a..., userDataDir: C:\Users\QUALIZ~1\AppData\L...}, fedcm:accounts: true, goog:chromeOptions: {debuggerAddress: localhost:61756}, networkConnectionEnabled: false, pageLoadStrategy: normal, platformName: windows, proxy: Proxy(), se:cdp: ws://localhost:61756/devtoo..., se:cdpVersion: 131.0.6778.204, setWindowRect: true, strictFileInteractability: false, timeouts: {implicit: 0, pageLoad: 300000, script: 30000}, unhandledPromptBehavior: dismiss and notify, webauthn:extension:credBlob: true, webauthn:extension:largeBlob: true, webauthn:extension:minPinLength: true, webauthn:extension:prf: true, webauthn:virtualAuthenticators: true}
Element: [[ChromeDriver: chrome on windows (1c0c992271e4bf947259fc7dd5aa9dcc)] -> xpath: //div[@class=' css-1wa3eu0-placeholder' and text()='Select City']]
Session ID: 1c0c992271e4bf947259fc7dd5aa9dcc
at java.base/jdk.internal.reflect.NativeConstructorAccessorImpl.newInstance0(Native Method)
at java.base/jdk.internal.reflect.NativeConstructorAccessorImpl.newInstance(NativeConstructorAccessorImpl.java:77)
at java.base/jdk.internal.reflect.DelegatingConstructorAccessorImpl.newInstance(DelegatingConstructorAccessorImpl.java:45)
at java.base/java.lang.reflect.Constructor.newInstanceWithCaller(Constructor.java:499)
at java.base/java.lang.reflect.Constructor.newInstance(Constructor.java:480)
at org.openqa.selenium.remote.ErrorCodec.decode(ErrorCodec.java:167)
at org.openqa.selenium.remote.codec.w3c.W3CHttpResponseCodec.decode(W3CHttpResponseCodec.java:138)
at org.openqa.selenium.remote.codec.w3c.W3CHttpResponseCodec.decode(W3CHttpResponseCodec.java:50)
at org.openqa.selenium.remote.HttpCommandExecutor.execute(HttpCommandExecutor.java:190)
at org.openqa.selenium.remote.service.DriverCommandExecutor.invokeExecute(DriverCommandExecutor.java:216)
at org.openqa.selenium.remote.service.DriverCommandExecutor.execute(DriverCommandExecutor.java:174)
at org.openqa.selenium.remote.RemoteWebDriver.execute(RemoteWebDriver.java:545)
at org.openqa.selenium.remote.RemoteWebElement.execute(RemoteWebElement.java:223)
at org.openqa.selenium.remote.RemoteWebElement.click(RemoteWebElement.java:76)
at com.qualizeal.selenium.Assignment.setStateAndCity(Assignment.java:141)
at com.qualizeal.selenium.DemoTest.test(DemoTest.java:44)
at jdk.internal.reflect.GeneratedMethodAccessor7.invoke(Unknown Source)
at java.base/jdk.internal.reflect.DelegatingMethodAccessorImpl.invoke(DelegatingMethodAccessorImpl.java:43)
at java.base/java.lang.reflect.Method.invoke(Method.java:568)
at org.testng.internal.MethodInvocationHelper.invokeMethod(MethodInvocationHelper.java:133)
at org.testng.internal.TestInvoker.invokeMethod(TestInvoker.java:598)
at org.testng.internal.TestInvoker.invokeTestMethod(TestInvoker.java:173)
at org.testng.internal.MethodRunner.runInSequence(MethodRunner.java:46)
at org.testng.internal.TestInvoker$MethodInvocationAgent.invoke(TestInvoker.java:824)
at org.testng.internal.TestInvoker.invokeTestMethods(TestInvoker.java:146)
at org.testng.internal.TestMethodWorker.invokeTestMethods(TestMethodWorker.java:146)
at org.testng.internal.TestMethodWorker.run(TestMethodWorker.java:128)
at java.base/java.util.ArrayList.forEach(ArrayList.java:1511)
at org.testng.TestRunner.privateRun(TestRunner.java:794)
at org.testng.TestRunner.run(TestRunner.java:596)
at org.testng.SuiteRunner.runTest(SuiteRunner.java:377)
at org.testng.SuiteRunner.runSequentially(SuiteRunner.java:371)
at org.testng.SuiteRunner.privateRun(SuiteRunner.java:332)
at org.testng.SuiteRunner.run(SuiteRunner.java:276)
at org.testng.SuiteRunnerWorker.runSuite(SuiteRunnerWorker.java:53)
at org.testng.SuiteRunnerWorker.run(SuiteRunnerWorker.java:96)
at org.testng.TestNG.runSuitesSequentially(TestNG.java:1212)
at org.testng.TestNG.runSuitesLocally(TestNG.java:1134)
at org.testng.TestNG.runSuites(TestNG.java:1063)
at org.testng.TestNG.run(TestNG.java:1031)
at org.testng.remote.AbstractRemoteTestNG.run(AbstractRemoteTestNG.java:115)
at org.testng.remote.RemoteTestNG.initAndRun(RemoteTestNG.java:293)
at org.testng.remote.RemoteTestNG.main(RemoteTestNG.java:91)
]]>
    </failure>
  </testcase> <!-- test -->
  <testcase classname="com.qualizeal.selenium.DemoTest" name="test" time="13.159"/>
  <testcase classname="com.qualizeal.selenium.DemoTest" name="test" time="10.401"/>
  <testcase classname="com.qualizeal.selenium.DemoTest" name="test" time="10.665"/>
  <testcase classname="com.qualizeal.selenium.DemoTest" name="test" time="11.038"/>
  <testcase classname="com.qualizeal.selenium.DemoTest" name="test" time="10.586"/>
  <testcase classname="com.qualizeal.selenium.DemoTest" name="test" time="8.832"/>
  <testcase classname="com.qualizeal.selenium.DemoTest" name="test" time="10.794"/>
  <testcase classname="com.qualizeal.selenium.DemoTest" name="test" time="11.317"/>
  <testcase classname="com.qualizeal.selenium.DemoTest" name="test" time="12.454"/>
  <testcase classname="com.qualizeal.selenium.DemoTest" name="test" time="10.879"/>
  <testcase classname="com.qualizeal.selenium.DemoTest" name="test" time="11.188"/>
  <testcase classname="com.qualizeal.selenium.DemoTest" name="test" time="11.118"/>
  <testcase classname="com.qualizeal.selenium.DemoTest" name="test" time="9.152"/>
  <testcase classname="com.qualizeal.selenium.DemoTest" name="test" time="11.62"/>
  <testcase classname="com.qualizeal.selenium.DemoTest" name="test" time="14.336"/>
  <testcase classname="com.qualizeal.selenium.DemoTest" name="test" time="10.696"/>
  <testcase classname="com.qualizeal.selenium.DemoTest" name="test" time="11.079"/>
  <testcase classname="com.qualizeal.selenium.DemoTest" name="test" time="11.208"/>
  <testcase classname="com.qualizeal.selenium.DemoTest" name="test" time="11.521"/>
  <testcase classname="com.qualizeal.selenium.DemoTest" name="test" time="8.848"/>
  <testcase classname="com.qualizeal.selenium.DemoTest" name="test" time="10.97"/>
  <testcase classname="com.qualizeal.selenium.DemoTest" name="test" time="11.349"/>
  <testcase classname="com.qualizeal.selenium.DemoTest" name="test" time="10.915"/>
  <testcase classname="com.qualizeal.selenium.DemoTest" name="test" time="11.508"/>
  <testcase classname="com.qualizeal.selenium.DemoTest" name="test" time="11.217"/>
  <testcase classname="com.qualizeal.selenium.DemoTest" name="test" time="9.401"/>
  <testcase classname="com.qualizeal.selenium.DemoTest" name="test" time="0.0">
    <skipped/>
  </testcase> <!-- test -->
  <testcase classname="com.qualizeal.selenium.DemoTest" name="test" time="0.0">
    <skipped/>
  </testcase> <!-- test -->
  <testcase classname="com.qualizeal.selenium.DemoTest" name="test" time="0.0">
    <skipped/>
  </testcase> <!-- test -->
  <testcase classname="com.qualizeal.selenium.DemoTest" name="test" time="0.0">
    <skipped/>
  </testcase> <!-- test -->
  <testcase classname="com.qualizeal.selenium.DemoTest" name="test" time="0.0">
    <skipped/>
  </testcase> <!-- test -->
  <testcase classname="com.qualizeal.selenium.DemoTest" name="test" time="0.0">
    <skipped/>
  </testcase> <!-- test -->
  <testcase classname="com.qualizeal.selenium.DemoTest" name="test" time="0.0">
    <skipped/>
  </testcase> <!-- test -->
  <testcase classname="com.qualizeal.selenium.DemoTest" name="test" time="0.0">
    <skipped/>
  </testcase> <!-- test -->
  <testcase classname="com.qualizeal.selenium.DemoTest" name="test" time="0.0">
    <skipped/>
  </testcase> <!-- test -->
  <testcase classname="com.qualizeal.selenium.DemoTest" name="test" time="0.0">
    <skipped/>
  </testcase> <!-- test -->
  <testcase classname="com.qualizeal.selenium.DemoTest" name="test" time="0.0">
    <skipped/>
  </testcase> <!-- test -->
  <testcase classname="com.qualizeal.selenium.DemoTest" name="test" time="0.0">
    <skipped/>
  </testcase> <!-- test -->
  <testcase classname="com.qualizeal.selenium.DemoTest" name="test" time="0.0">
    <skipped/>
  </testcase> <!-- test -->
  <testcase classname="com.qualizeal.selenium.DemoTest" name="test" time="0.0">
    <skipped/>
  </testcase> <!-- test -->
  <testcase classname="com.qualizeal.selenium.DemoTest" name="test" time="0.0">
    <skipped/>
  </testcase> <!-- test -->
  <testcase classname="com.qualizeal.selenium.DemoTest" name="test" time="0.0">
    <skipped/>
  </testcase> <!-- test -->
  <testcase classname="com.qualizeal.selenium.DemoTest" name="test" time="0.0">
    <skipped/>
  </testcase> <!-- test -->
  <testcase classname="com.qualizeal.selenium.DemoTest" name="test" time="0.0">
    <skipped/>
  </testcase> <!-- test -->
  <testcase classname="com.qualizeal.selenium.DemoTest" name="test" time="0.0">
    <skipped/>
  </testcase> <!-- test -->
  <testcase classname="com.qualizeal.selenium.DemoTest" name="test" time="0.0">
    <skipped/>
  </testcase> <!-- test -->
  <testcase classname="com.qualizeal.selenium.DemoTest" name="test" time="0.0">
    <skipped/>
  </testcase> <!-- test -->
  <testcase classname="com.qualizeal.selenium.DemoTest" name="test" time="0.0">
    <skipped/>
  </testcase> <!-- test -->
  <testcase classname="com.qualizeal.selenium.DemoTest" name="test" time="0.0">
    <skipped/>
  </testcase> <!-- test -->
  <testcase classname="com.qualizeal.selenium.DemoTest" name="test" time="0.0">
    <skipped/>
  </testcase> <!-- test -->
  <testcase classname="com.qualizeal.selenium.DemoTest" name="test" time="0.0">
    <skipped/>
  </testcase> <!-- test -->
  <testcase classname="com.qualizeal.selenium.DemoTest" name="test" time="0.0">
    <skipped/>
  </testcase> <!-- test -->
  <testcase classname="com.qualizeal.selenium.DemoTest" name="test" time="0.0">
    <skipped/>
  </testcase> <!-- test -->
  <testcase classname="com.qualizeal.selenium.DemoTest" name="test" time="0.0">
    <skipped/>
  </testcase> <!-- test -->
  <testcase classname="com.qualizeal.selenium.DemoTest" name="test" time="0.0">
    <skipped/>
  </testcase> <!-- test -->
  <testcase classname="com.qualizeal.selenium.DemoTest" name="test" time="0.0">
    <skipped/>
  </testcase> <!-- test -->
  <testcase classname="com.qualizeal.selenium.DemoTest" name="test" time="0.0">
    <skipped/>
  </testcase> <!-- test -->
  <testcase classname="com.qualizeal.selenium.DemoTest" name="test" time="0.0">
    <skipped/>
  </testcase> <!-- test -->
  <testcase classname="com.qualizeal.selenium.DemoTest" name="test" time="0.0">
    <skipped/>
  </testcase> <!-- test -->
  <testcase classname="com.qualizeal.selenium.DemoTest" name="test" time="0.0">
    <skipped/>
  </testcase> <!-- test -->
  <testcase classname="com.qualizeal.selenium.DemoTest" name="test" time="0.0">
    <skipped/>
  </testcase> <!-- test -->
  <testcase classname="com.qualizeal.selenium.DemoTest" name="test" time="0.0">
    <skipped/>
  </testcase> <!-- test -->
  <testcase classname="com.qualizeal.selenium.DemoTest" name="test" time="0.0">
    <skipped/>
  </testcase> <!-- test -->
  <testcase classname="com.qualizeal.selenium.DemoTest" name="test" time="0.0">
    <skipped/>
  </testcase> <!-- test -->
  <testcase classname="com.qualizeal.selenium.DemoTest" name="test" time="0.0">
    <skipped/>
  </testcase> <!-- test -->
  <testcase classname="com.qualizeal.selenium.DemoTest" name="test" time="0.0">
    <skipped/>
  </testcase> <!-- test -->
  <testcase classname="com.qualizeal.selenium.DemoTest" name="test" time="0.0">
    <skipped/>
  </testcase> <!-- test -->
  <testcase classname="com.qualizeal.selenium.DemoTest" name="test" time="0.0">
    <skipped/>
  </testcase> <!-- test -->
  <testcase classname="com.qualizeal.selenium.DemoTest" name="test" time="0.0">
    <skipped/>
  </testcase> <!-- test -->
  <testcase classname="com.qualizeal.selenium.DemoTest" name="test" time="0.0">
    <skipped/>
  </testcase> <!-- test -->
  <testcase classname="com.qualizeal.selenium.DemoTest" name="test" time="0.0">
    <skipped/>
  </testcase> <!-- test -->
  <testcase classname="com.qualizeal.selenium.DemoTest" name="test" time="0.0">
    <skipped/>
  </testcase> <!-- test -->
  <testcase classname="com.qualizeal.selenium.DemoTest" name="test" time="0.0">
    <skipped/>
  </testcase> <!-- test -->
  <testcase classname="com.qualizeal.selenium.DemoTest" name="test" time="0.0">
    <skipped/>
  </testcase> <!-- test -->
  <testcase classname="com.qualizeal.selenium.DemoTest" name="test" time="0.0">
    <skipped/>
  </testcase> <!-- test -->
  <testcase classname="com.qualizeal.selenium.DemoTest" name="test" time="0.0">
    <skipped/>
  </testcase> <!-- test -->
  <testcase classname="com.qualizeal.selenium.DemoTest" name="test" time="0.0">
    <skipped/>
  </testcase> <!-- test -->
  <testcase classname="com.qualizeal.selenium.DemoTest" name="test" time="0.0">
    <skipped/>
  </testcase> <!-- test -->
  <testcase classname="com.qualizeal.selenium.DemoTest" name="test" time="0.0">
    <skipped/>
  </testcase> <!-- test -->
  <testcase classname="com.qualizeal.selenium.DemoTest" name="test" time="0.0">
    <skipped/>
  </testcase> <!-- test -->
  <testcase classname="com.qualizeal.selenium.DemoTest" name="test" time="0.0">
    <skipped/>
  </testcase> <!-- test -->
  <testcase classname="com.qualizeal.selenium.DemoTest" name="test" time="0.0">
    <skipped/>
  </testcase> <!-- test -->
  <testcase classname="com.qualizeal.selenium.DemoTest" name="test" time="0.0">
    <skipped/>
  </testcase> <!-- test -->
  <testcase classname="com.qualizeal.selenium.DemoTest" name="test" time="0.0">
    <skipped/>
  </testcase> <!-- test -->
  <testcase classname="com.qualizeal.selenium.DemoTest" name="test" time="0.0">
    <skipped/>
  </testcase> <!-- test -->
  <testcase classname="com.qualizeal.selenium.DemoTest" name="test" time="0.0">
    <skipped/>
  </testcase> <!-- test -->
  <testcase classname="com.qualizeal.selenium.DemoTest" name="test" time="0.0">
    <skipped/>
  </testcase> <!-- test -->
  <testcase classname="com.qualizeal.selenium.DemoTest" name="test" time="0.0">
    <skipped/>
  </testcase> <!-- test -->
  <testcase classname="com.qualizeal.selenium.DemoTest" name="test" time="0.0">
    <skipped/>
  </testcase> <!-- test -->
  <testcase classname="com.qualizeal.selenium.DemoTest" name="test" time="0.0">
    <skipped/>
  </testcase> <!-- test -->
  <testcase classname="com.qualizeal.selenium.DemoTest" name="test" time="0.0">
    <skipped/>
  </testcase> <!-- test -->
  <testcase classname="com.qualizeal.selenium.DemoTest" name="test" time="0.0">
    <skipped/>
  </testcase> <!-- test -->
  <testcase classname="com.qualizeal.selenium.DemoTest" name="test" time="0.0">
    <skipped/>
  </testcase> <!-- test -->
  <testcase classname="com.qualizeal.selenium.DemoTest" name="test" time="0.0">
    <skipped/>
  </testcase> <!-- test -->
  <testcase classname="com.qualizeal.selenium.DemoTest" name="test" time="0.0">
    <skipped/>
  </testcase> <!-- test -->
  <testcase classname="com.qualizeal.selenium.DemoTest" name="test" time="0.0">
    <skipped/>
  </testcase> <!-- test -->
  <testcase classname="com.qualizeal.selenium.DemoTest" name="test" time="0.0">
    <skipped/>
  </testcase> <!-- test -->
  <testcase classname="com.qualizeal.selenium.DemoTest" name="test" time="0.0">
    <skipped/>
  </testcase> <!-- test -->
  <testcase classname="com.qualizeal.selenium.DemoTest" name="test" time="0.0">
    <skipped/>
  </testcase> <!-- test -->
  <testcase classname="com.qualizeal.selenium.DemoTest" name="test" time="0.0">
    <skipped/>
  </testcase> <!-- test -->
  <testcase classname="com.qualizeal.selenium.DemoTest" name="test" time="0.0">
    <skipped/>
  </testcase> <!-- test -->
  <testcase classname="com.qualizeal.selenium.DemoTest" name="test" time="0.0">
    <skipped/>
  </testcase> <!-- test -->
  <testcase classname="com.qualizeal.selenium.DemoTest" name="test" time="0.0">
    <skipped/>
  </testcase> <!-- test -->
  <testcase classname="com.qualizeal.selenium.DemoTest" name="test" time="0.0">
    <skipped/>
  </testcase> <!-- test -->
  <testcase classname="com.qualizeal.selenium.DemoTest" name="test" time="0.0">
    <skipped/>
  </testcase> <!-- test -->
  <testcase classname="com.qualizeal.selenium.DemoTest" name="test" time="0.0">
    <skipped/>
  </testcase> <!-- test -->
  <testcase classname="com.qualizeal.selenium.DemoTest" name="test" time="0.0">
    <skipped/>
  </testcase> <!-- test -->
  <testcase classname="com.qualizeal.selenium.DemoTest" name="test" time="0.0">
    <skipped/>
  </testcase> <!-- test -->
  <testcase classname="com.qualizeal.selenium.DemoTest" name="test" time="0.0">
    <skipped/>
  </testcase> <!-- test -->
  <testcase classname="com.qualizeal.selenium.DemoTest" name="test" time="0.0">
    <skipped/>
  </testcase> <!-- test -->
  <testcase classname="com.qualizeal.selenium.DemoTest" name="test" time="0.0">
    <skipped/>
  </testcase> <!-- test -->
  <testcase classname="com.qualizeal.selenium.DemoTest" name="test" time="0.0">
    <skipped/>
  </testcase> <!-- test -->
  <testcase classname="com.qualizeal.selenium.DemoTest" name="test" time="0.0">
    <skipped/>
  </testcase> <!-- test -->
  <testcase classname="com.qualizeal.selenium.DemoTest" name="test" time="0.0">
    <skipped/>
  </testcase> <!-- test -->
  <testcase classname="com.qualizeal.selenium.DemoTest" name="test" time="0.0">
    <skipped/>
  </testcase> <!-- test -->
  <testcase classname="com.qualizeal.selenium.DemoTest" name="test" time="0.0">
    <skipped/>
  </testcase> <!-- test -->
  <testcase classname="com.qualizeal.selenium.DemoTest" name="test" time="0.0">
    <skipped/>
  </testcase> <!-- test -->
  <testcase classname="com.qualizeal.selenium.DemoTest" name="test" time="0.0">
    <skipped/>
  </testcase> <!-- test -->
  <testcase classname="com.qualizeal.selenium.DemoTest" name="test" time="0.0">
    <skipped/>
  </testcase> <!-- test -->
  <testcase classname="com.qualizeal.selenium.DemoTest" name="test" time="0.0">
    <skipped/>
  </testcase> <!-- test -->
  <testcase classname="com.qualizeal.selenium.DemoTest" name="test" time="0.0">
    <skipped/>
  </testcase> <!-- test -->
</testsuite> <!-- Default test -->
